Arguments: 
  C:\Program Files\nodejs\node.exe C:\Users\renat\AppData\Roaming\npm\node_modules\yarn\bin\yarn.js add css=loader style=loader --dev

PATH: 
  C:\Program Files (x86)\Common Files\Oracle\Java\javapath;C:\Program Files (x86)\Intel\Intel(R) Management Engine Components\iCLS\;C:\Program Files\Intel\Intel(R) Management Engine Components\iCLS\;C:\Windows\system32;C:\Windows;C:\Windows\System32\Wbem;C:\Windows\System32\WindowsPowerShell\v1.0\;C:\Windows\System32\OpenSSH\;C:\Program Files (x86)\NVIDIA Corporation\PhysX\Common;C:\Program Files\NVIDIA Corporation\NVIDIA NvDLISR;C:\Program Files (x86)\Intel\Intel(R) Management Engine Components\DAL;C:\Program Files\Intel\Intel(R) Management Engine Components\DAL;C:\WINDOWS\system32;C:\WINDOWS;C:\WINDOWS\System32\Wbem;C:\WINDOWS\System32\WindowsPowerShell\v1.0\;C:\WINDOWS\System32\OpenSSH\;C:\Program Files\Intel\WiFi\bin\;C:\Program Files\Common Files\Intel\WirelessCommon\;C:\Program Files\dotnet\;C:\Program Files (x86)\Calibre2\;C:\Program Files\nodejs\;C:\Program Files\Microsoft SQL Server\130\Tools\Binn\;C:\Program Files\Microsoft SQL Server\Client SDK\ODBC\170\Tools\Binn\;C:\WINDOWS\system32;C:\WINDOWS;C:\WINDOWS\System32\Wbem;C:\WINDOWS\System32\WindowsPowerShell\v1.0\;C:\WINDOWS\System32\OpenSSH\;C:\Program Files\Git\cmd;C:\Program Files\MySQL\MySQL Shell 8.0\bin\;C:\Users\renat\AppData\Local\Programs\Python\Python38\Scripts\;C:\Users\renat\AppData\Local\Programs\Python\Python38\;C:\Users\renat\AppData\Local\Microsoft\WindowsApps;C:\Program Files\JetBrains\PhpStorm 2020.1.1\bin;C:\Program Files\JetBrains\IntelliJ IDEA 2018.3.5\bin;C:\Users\renat\AppData\Local\Programs\Microsoft VS Code\bin;C:\Users\renat\.dotnet\tools;C:\Users\renat\AppData\Local\GitHubDesktop\bin;C:\Users\renat\AppData\Roaming\npm;C:\Users\renat\.dotnet\tools;C:\Users\renat\AppData\Local\Microsoft\WindowsApps;C:\Program Files\swipl\bin

Yarn version: 
  1.22.10

Node version: 
  12.18.3

Platform: 
  win32 x64

Trace: 
  Error: https://registry.yarnpkg.com/css=loader: Not found
      at Request.params.callback [as _callback] (C:\Users\renat\AppData\Roaming\npm\node_modules\yarn\lib\cli.js:66988:18)
      at Request.self.callback (C:\Users\renat\AppData\Roaming\npm\node_modules\yarn\lib\cli.js:140662:22)
      at Request.emit (events.js:315:20)
      at Request.<anonymous> (C:\Users\renat\AppData\Roaming\npm\node_modules\yarn\lib\cli.js:141634:10)
      at Request.emit (events.js:315:20)
      at IncomingMessage.<anonymous> (C:\Users\renat\AppData\Roaming\npm\node_modules\yarn\lib\cli.js:141556:12)
      at Object.onceWrapper (events.js:421:28)
      at IncomingMessage.emit (events.js:327:22)
      at endReadableNT (_stream_readable.js:1220:12)
      at processTicksAndRejections (internal/process/task_queues.js:84:21)

npm manifest: 
  {
    "name": "lab10-calculadora",
    "version": "1.0.0",
    "description": "",
    "main": "index.js",
    "scripts": {
      "start": "node src/index.js",
      "build": "webpack",
      "serve": "webpack serve"
    },
    "repository": {
      "type": "git",
      "url": "git+https://github.com/Arem58/Lab10-Calculadora.git"
    },
    "keywords": [],
    "author": "",
    "license": "ISC",
    "bugs": {
      "url": "https://github.com/Arem58/Lab10-Calculadora/issues"
    },
    "homepage": "https://github.com/Arem58/Lab10-Calculadora#readme",
    "dependencies": {
      "babel-loader": "^8.2.2",
      "bootstrap": "^5.0.0-beta3",
      "eslint-loader": "^4.0.2",
      "prop-types": "^15.7.2",
      "react": "^17.0.2",
      "react-dom": "^17.0.2",
      "sass-loader": "^11.0.1",
      "webpack": "^5.33.2",
      "webpack-cli": "^4.6.0",
      "webpack-dev-server": "^3.11.2"
    },
    "devDependencies": {
      "@babel/core": "^7.13.15",
      "@babel/preset-env": "^7.13.15",
      "@babel/preset-react": "^7.13.13",
      "eslint": "^7.24.0",
      "eslint-config-airbnb": "^18.2.1",
      "eslint-plugin-import": "^2.22.1",
      "eslint-plugin-jsx-a11y": "^6.4.1",
      "eslint-plugin-react": "^7.23.2",
      "eslint-plugin-react-hooks": "^4.2.0"
    }
  }

yarn manifest: 
  No manifest

Lockfile: 
  No lockfile
